# JRE version: OpenJDK Runtime Environment (8.0_242-b01) (build 1.8.0_242-release-1644-b01)
# Java VM: OpenJDK 64-Bit Server VM (25.242-b01 mixed mode windows-amd64 compressed oops)
Heap:
 PSYoungGen      total 79360K, used 3710K [0x00000000d6100000, 0x00000000de980000, 0x0000000100000000)
  eden space 60928K, 6% used [0x00000000d6100000,0x00000000d649fb00,0x00000000d9c80000)
  from space 18432K, 0% used [0x00000000dd780000,0x00000000dd780000,0x00000000de980000)
  to   space 5120K, 0% used [0x00000000d9c80000,0x00000000d9c80000,0x00000000da180000)
 ParOldGen       total 57344K, used 25481K [0x0000000082200000, 0x0000000085a00000, 0x00000000d6100000)
  object space 57344K, 44% used [0x0000000082200000,0x0000000083ae24f0,0x0000000085a00000)
 Metaspace       used 35503K, capacity 36020K, committed 36440K, reserved 1081344K
  class space    used 4460K, capacity 4614K, committed 4736K, reserved 1048576K
GC Heap History (10 events):
Event: 19.213 GC heap before
{Heap before GC invocations=4 (full 1):
 PSYoungGen      total 37888K, used 5104K [0x00000000d6100000, 0x00000000da680000, 0x0000000100000000)
  eden space 32768K, 0% used [0x00000000d6100000,0x00000000d6100000,0x00000000d8100000)
  from space 5120K, 99% used [0x00000000d8100000,0x00000000d85fc010,0x00000000d8600000)
  to   space 5120K, 0% used [0x00000000da180000,0x00000000da180000,0x00000000da680000)
 ParOldGen       total 86016K, used 11835K [0x0000000082200000, 0x0000000087600000, 0x00000000d6100000)
  object space 86016K, 13% used [0x0000000082200000,0x0000000082d8ed78,0x0000000087600000)
 Metaspace       used 20772K, capacity 21212K, committed 21248K, reserved 1069056K
  class space    used 2407K, capacity 2558K, committed 2560K, reserved 1048576K
Event: 19.274 GC heap after
Heap after GC invocations=4 (full 1):
 PSYoungGen      total 37888K, used 0K [0x00000000d6100000, 0x00000000da680000, 0x0000000100000000)
  eden space 32768K, 0% used [0x00000000d6100000,0x00000000d6100000,0x00000000d8100000)
  from space 5120K, 0% used [0x00000000d8100000,0x00000000d8100000,0x00000000d8600000)
  to   space 5120K, 0% used [0x00000000da180000,0x00000000da180000,0x00000000da680000)
 ParOldGen       total 57344K, used 9692K [0x0000000082200000, 0x0000000085a00000, 0x00000000d6100000)
  object space 57344K, 16% used [0x0000000082200000,0x0000000082b773c0,0x0000000085a00000)
 Metaspace       used 20772K, capacity 21212K, committed 21248K, reserved 1069056K
  class space    used 2407K, capacity 2558K, committed 2560K, reserved 1048576K
}
Event: 20.565 GC heap before
{Heap before GC invocations=5 (full 1):
 PSYoungGen      total 37888K, used 32768K [0x00000000d6100000, 0x00000000da680000, 0x0000000100000000)
  eden space 32768K, 100% used [0x00000000d6100000,0x00000000d8100000,0x00000000d8100000)
  from space 5120K, 0% used [0x00000000d8100000,0x00000000d8100000,0x00000000d8600000)
  to   space 5120K, 0% used [0x00000000da180000,0x00000000da180000,0x00000000da680000)
 ParOldGen       total 57344K, used 9692K [0x0000000082200000, 0x0000000085a00000, 0x00000000d6100000)
  object space 57344K, 16% used [0x0000000082200000,0x0000000082b773c0,0x0000000085a00000)
 Metaspace       used 24161K, capacity 24629K, committed 24832K, reserved 1071104K
  class space    used 2836K, capacity 2963K, committed 3072K, reserved 1048576K
Event: 20.578 GC heap after
Heap after GC invocations=5 (full 1):
 PSYoungGen      total 62464K, used 5111K [0x00000000d6100000, 0x00000000da680000, 0x0000000100000000)
  eden space 57344K, 0% used [0x00000000d6100000,0x00000000d6100000,0x00000000d9900000)
  from space 5120K, 99% used [0x00000000da180000,0x00000000da67dd68,0x00000000da680000)
  to   space 5120K, 0% used [0x00000000d9c80000,0x00000000d9c80000,0x00000000da180000)
 ParOldGen       total 57344K, used 11584K [0x0000000082200000, 0x0000000085a00000, 0x00000000d6100000)
  object space 57344K, 20% used [0x0000000082200000,0x0000000082d500c0,0x0000000085a00000)
 Metaspace       used 24161K, capacity 24629K, committed 24832K, reserved 1071104K
  class space    used 2836K, capacity 2963K, committed 3072K, reserved 1048576K
}
Event: 26.746 GC heap before
{Heap before GC invocations=6 (full 1):
 PSYoungGen      total 62464K, used 62455K [0x00000000d6100000, 0x00000000da680000, 0x0000000100000000)
  eden space 57344K, 100% used [0x00000000d6100000,0x00000000d9900000,0x00000000d9900000)
  from space 5120K, 99% used [0x00000000da180000,0x00000000da67dd68,0x00000000da680000)
  to   space 5120K, 0% used [0x00000000d9c80000,0x00000000d9c80000,0x00000000da180000)
 ParOldGen       total 57344K, used 11584K [0x0000000082200000, 0x0000000085a00000, 0x00000000d6100000)
  object space 57344K, 20% used [0x0000000082200000,0x0000000082d500c0,0x0000000085a00000)
 Metaspace       used 34217K, capacity 34668K, committed 34944K, reserved 1079296K
  class space    used 4293K, capacity 4446K, committed 4480K, reserved 1048576K
Event: 26.874 GC heap after
Heap after GC invocations=6 (full 1):
 PSYoungGen      total 66048K, used 5090K [0x00000000d6100000, 0x00000000de980000, 0x0000000100000000)
  eden space 60928K, 0% used [0x00000000d6100000,0x00000000d6100000,0x00000000d9c80000)
  from space 5120K, 99% used [0x00000000d9c80000,0x00000000da178908,0x00000000da180000)
  to   space 18432K, 0% used [0x00000000dd780000,0x00000000dd780000,0x00000000de980000)
 ParOldGen       total 57344K, used 26132K [0x0000000082200000, 0x0000000085a00000, 0x00000000d6100000)
  object space 57344K, 45% used [0x0000000082200000,0x0000000083b85200,0x0000000085a00000)
 Metaspace       used 34217K, capacity 34668K, committed 34944K, reserved 1079296K
  class space    used 4293K, capacity 4446K, committed 4480K, reserved 1048576K
}
Event: 27.345 GC heap before
{Heap before GC invocations=7 (full 1):
 PSYoungGen      total 66048K, used 7491K [0x00000000d6100000, 0x00000000de980000, 0x0000000100000000)
  eden space 60928K, 3% used [0x00000000d6100000,0x00000000d6358440,0x00000000d9c80000)
  from space 5120K, 99% used [0x00000000d9c80000,0x00000000da178908,0x00000000da180000)
  to   space 18432K, 0% used [0x00000000dd780000,0x00000000dd780000,0x00000000de980000)
 ParOldGen       total 57344K, used 26132K [0x0000000082200000, 0x0000000085a00000, 0x00000000d6100000)
  object space 57344K, 45% used [0x0000000082200000,0x0000000083b85200,0x0000000085a00000)
 Metaspace       used 34728K, capacity 35154K, committed 35416K, reserved 1081344K
  class space    used 4343K, capacity 4479K, committed 4480K, reserved 1048576K
Event: 27.356 GC heap after
Heap after GC invocations=7 (full 1):
 PSYoungGen      total 79360K, used 5769K [0x00000000d6100000, 0x00000000de980000, 0x0000000100000000)
  eden space 60928K, 0% used [0x00000000d6100000,0x00000000d6100000,0x00000000d9c80000)
  from space 18432K, 31% used [0x00000000dd780000,0x00000000ddd226f0,0x00000000de980000)
  to   space 5120K, 0% used [0x00000000d9c80000,0x00000000d9c80000,0x00000000da180000)
 ParOldGen       total 57344K, used 26132K [0x0000000082200000, 0x0000000085a00000, 0x00000000d6100000)
  object space 57344K, 45% used [0x0000000082200000,0x0000000083b85200,0x0000000085a00000)
 Metaspace       used 34728K, capacity 35154K, committed 35416K, reserved 1081344K
  class space    used 4343K, capacity 4479K, committed 4480K, reserved 1048576K
}
Event: 27.356 GC heap before
{Heap before GC invocations=8 (full 2):
 PSYoungGen      total 79360K, used 5769K [0x00000000d6100000, 0x00000000de980000, 0x0000000100000000)
  eden space 60928K, 0% used [0x00000000d6100000,0x00000000d6100000,0x00000000d9c80000)
  from space 18432K, 31% used [0x00000000dd780000,0x00000000ddd226f0,0x00000000de980000)
  to   space 5120K, 0% used [0x00000000d9c80000,0x00000000d9c80000,0x00000000da180000)
 ParOldGen       total 57344K, used 26132K [0x0000000082200000, 0x0000000085a00000, 0x00000000d6100000)
  object space 57344K, 45% used [0x0000000082200000,0x0000000083b85200,0x0000000085a00000)
 Metaspace       used 34728K, capacity 35154K, committed 35416K, reserved 1081344K
  class space    used 4343K, capacity 4479K, committed 4480K, reserved 1048576K
Event: 27.781 GC heap after
Heap after GC invocations=8 (full 2):
 PSYoungGen      total 79360K, used 0K [0x00000000d6100000, 0x00000000de980000, 0x0000000100000000)
  eden space 60928K, 0% used [0x00000000d6100000,0x00000000d6100000,0x00000000d9c80000)
  from space 18432K, 0% used [0x00000000dd780000,0x00000000dd780000,0x00000000de980000)
  to   space 5120K, 0% used [0x00000000d9c80000,0x00000000d9c80000,0x00000000da180000)
 ParOldGen       total 57344K, used 25481K [0x0000000082200000, 0x0000000085a00000, 0x00000000d6100000)
  object space 57344K, 44% used [0x0000000082200000,0x0000000083ae24f0,0x0000000085a00000)
 Metaspace       used 34728K, capacity 35154K, committed 35416K, reserved 1081344K
  class space    used 4343K, capacity 4479K, committed 4480K, reserved 1048576K
}

