# JRE version: OpenJDK Runtime Environment (8.0_242-b01) (build 1.8.0_242-release-1644-b01)
# Java VM: OpenJDK 64-Bit Server VM (25.242-b01 mixed mode windows-amd64 compressed oops)
Heap:
 PSYoungGen      total 316416K, used 190197K [0x00000000d5580000, 0x00000000ea780000, 0x0000000100000000)
  eden space 296960K, 59% used [0x00000000d5580000,0x00000000e01d4848,0x00000000e7780000)
  from space 19456K, 70% used [0x00000000e9480000,0x00000000ea1e8c30,0x00000000ea780000)
  to   space 24576K, 0% used [0x00000000e7780000,0x00000000e7780000,0x00000000e8f80000)
 ParOldGen       total 105472K, used 51742K [0x0000000080000000, 0x0000000086700000, 0x00000000d5580000)
  object space 105472K, 49% used [0x0000000080000000,0x0000000083287a30,0x0000000086700000)
 Metaspace       used 84578K, capacity 88248K, committed 88280K, reserved 1126400K
  class space    used 11334K, capacity 12023K, committed 12032K, reserved 1048576K
GC Heap History (10 events):
Event: 38.060 GC heap before
{Heap before GC invocations=13 (full 2):
 PSYoungGen      total 182784K, used 182476K [0x00000000d5580000, 0x00000000e1e00000, 0x0000000100000000)
  eden space 172544K, 100% used [0x00000000d5580000,0x00000000dfe00000,0x00000000dfe00000)
  from space 10240K, 96% used [0x00000000e1400000,0x00000000e1db3090,0x00000000e1e00000)
  to   space 13824K, 0% used [0x00000000e0300000,0x00000000e0300000,0x00000000e1080000)
 ParOldGen       total 70144K, used 17958K [0x0000000080000000, 0x0000000084480000, 0x00000000d5580000)
  object space 70144K, 25% used [0x0000000080000000,0x0000000081189978,0x0000000084480000)
 Metaspace       used 53521K, capacity 55560K, committed 55640K, reserved 1097728K
  class space    used 7102K, capacity 7518K, committed 7552K, reserved 1048576K
Event: 38.209 GC heap after
Heap after GC invocations=13 (full 2):
 PSYoungGen      total 191488K, used 13804K [0x00000000d5580000, 0x00000000e6000000, 0x0000000100000000)
  eden space 177664K, 0% used [0x00000000d5580000,0x00000000d5580000,0x00000000e0300000)
  from space 13824K, 99% used [0x00000000e0300000,0x00000000e107b378,0x00000000e1080000)
  to   space 19968K, 0% used [0x00000000e4c80000,0x00000000e4c80000,0x00000000e6000000)
 ParOldGen       total 70144K, used 30535K [0x0000000080000000, 0x0000000084480000, 0x00000000d5580000)
  object space 70144K, 43% used [0x0000000080000000,0x0000000081dd1cb8,0x0000000084480000)
 Metaspace       used 53521K, capacity 55560K, committed 55640K, reserved 1097728K
  class space    used 7102K, capacity 7518K, committed 7552K, reserved 1048576K
}
Event: 40.172 GC heap before
{Heap before GC invocations=14 (full 2):
 PSYoungGen      total 191488K, used 48278K [0x00000000d5580000, 0x00000000e6000000, 0x0000000100000000)
  eden space 177664K, 19% used [0x00000000d5580000,0x00000000d772a498,0x00000000e0300000)
  from space 13824K, 99% used [0x00000000e0300000,0x00000000e107b378,0x00000000e1080000)
  to   space 19968K, 0% used [0x00000000e4c80000,0x00000000e4c80000,0x00000000e6000000)
 ParOldGen       total 70144K, used 30535K [0x0000000080000000, 0x0000000084480000, 0x00000000d5580000)
  object space 70144K, 43% used [0x0000000080000000,0x0000000081dd1cb8,0x0000000084480000)
 Metaspace       used 56808K, capacity 58962K, committed 59028K, reserved 1099776K
  class space    used 7698K, capacity 8140K, committed 8192K, reserved 1048576K
Event: 40.211 GC heap after
Heap after GC invocations=14 (full 2):
 PSYoungGen      total 252928K, used 4301K [0x00000000d5580000, 0x00000000e6580000, 0x0000000100000000)
  eden space 232960K, 0% used [0x00000000d5580000,0x00000000d5580000,0x00000000e3900000)
  from space 19968K, 21% used [0x00000000e4c80000,0x00000000e50b34a0,0x00000000e6000000)
  to   space 19968K, 0% used [0x00000000e3900000,0x00000000e3900000,0x00000000e4c80000)
 ParOldGen       total 70144K, used 41478K [0x0000000080000000, 0x0000000084480000, 0x00000000d5580000)
  object space 70144K, 59% used [0x0000000080000000,0x0000000082881bf8,0x0000000084480000)
 Metaspace       used 56808K, capacity 58962K, committed 59028K, reserved 1099776K
  class space    used 7698K, capacity 8140K, committed 8192K, reserved 1048576K
}
Event: 40.212 GC heap before
{Heap before GC invocations=15 (full 3):
 PSYoungGen      total 252928K, used 4301K [0x00000000d5580000, 0x00000000e6580000, 0x0000000100000000)
  eden space 232960K, 0% used [0x00000000d5580000,0x00000000d5580000,0x00000000e3900000)
  from space 19968K, 21% used [0x00000000e4c80000,0x00000000e50b34a0,0x00000000e6000000)
  to   space 19968K, 0% used [0x00000000e3900000,0x00000000e3900000,0x00000000e4c80000)
 ParOldGen       total 70144K, used 41478K [0x0000000080000000, 0x0000000084480000, 0x00000000d5580000)
  object space 70144K, 59% used [0x0000000080000000,0x0000000082881bf8,0x0000000084480000)
 Metaspace       used 56808K, capacity 58962K, committed 59028K, reserved 1099776K
  class space    used 7698K, capacity 8140K, committed 8192K, reserved 1048576K
Event: 40.620 GC heap after
Heap after GC invocations=15 (full 3):
 PSYoungGen      total 252928K, used 0K [0x00000000d5580000, 0x00000000e6580000, 0x0000000100000000)
  eden space 232960K, 0% used [0x00000000d5580000,0x00000000d5580000,0x00000000e3900000)
  from space 19968K, 0% used [0x00000000e4c80000,0x00000000e4c80000,0x00000000e6000000)
  to   space 19968K, 0% used [0x00000000e3900000,0x00000000e3900000,0x00000000e4c80000)
 ParOldGen       total 105472K, used 33251K [0x0000000080000000, 0x0000000086700000, 0x00000000d5580000)
  object space 105472K, 31% used [0x0000000080000000,0x0000000082078de0,0x0000000086700000)
 Metaspace       used 56801K, capacity 58938K, committed 59028K, reserved 1099776K
  class space    used 7696K, capacity 8136K, committed 8192K, reserved 1048576K
}
Event: 53.947 GC heap before
{Heap before GC invocations=16 (full 3):
 PSYoungGen      total 252928K, used 232960K [0x00000000d5580000, 0x00000000e6580000, 0x0000000100000000)
  eden space 232960K, 100% used [0x00000000d5580000,0x00000000e3900000,0x00000000e3900000)
  from space 19968K, 0% used [0x00000000e4c80000,0x00000000e4c80000,0x00000000e6000000)
  to   space 19968K, 0% used [0x00000000e3900000,0x00000000e3900000,0x00000000e4c80000)
 ParOldGen       total 105472K, used 33251K [0x0000000080000000, 0x0000000086700000, 0x00000000d5580000)
  object space 105472K, 31% used [0x0000000080000000,0x0000000082078de0,0x0000000086700000)
 Metaspace       used 71180K, capacity 74378K, committed 74584K, reserved 1114112K
  class space    used 9680K, capacity 10280K, committed 10368K, reserved 1048576K
Event: 54.014 GC heap after
Heap after GC invocations=16 (full 3):
 PSYoungGen      total 252928K, used 19942K [0x00000000d5580000, 0x00000000eac80000, 0x0000000100000000)
  eden space 232960K, 0% used [0x00000000d5580000,0x00000000d5580000,0x00000000e3900000)
  from space 19968K, 99% used [0x00000000e3900000,0x00000000e4c79b70,0x00000000e4c80000)
  to   space 24576K, 0% used [0x00000000e9480000,0x00000000e9480000,0x00000000eac80000)
 ParOldGen       total 105472K, used 37229K [0x0000000080000000, 0x0000000086700000, 0x00000000d5580000)
  object space 105472K, 35% used [0x0000000080000000,0x000000008245b450,0x0000000086700000)
 Metaspace       used 71180K, capacity 74378K, committed 74584K, reserved 1114112K
  class space    used 9680K, capacity 10280K, committed 10368K, reserved 1048576K
}
Event: 62.538 GC heap before
{Heap before GC invocations=17 (full 3):
 PSYoungGen      total 252928K, used 252902K [0x00000000d5580000, 0x00000000eac80000, 0x0000000100000000)
  eden space 232960K, 100% used [0x00000000d5580000,0x00000000e3900000,0x00000000e3900000)
  from space 19968K, 99% used [0x00000000e3900000,0x00000000e4c79b70,0x00000000e4c80000)
  to   space 24576K, 0% used [0x00000000e9480000,0x00000000e9480000,0x00000000eac80000)
 ParOldGen       total 105472K, used 37229K [0x0000000080000000, 0x0000000086700000, 0x00000000d5580000)
  object space 105472K, 35% used [0x0000000080000000,0x000000008245b450,0x0000000086700000)
 Metaspace       used 78754K, capacity 82266K, committed 82520K, reserved 1120256K
  class space    used 10609K, capacity 11274K, committed 11392K, reserved 1048576K
Event: 62.613 GC heap after
Heap after GC invocations=17 (full 3):
 PSYoungGen      total 316416K, used 13731K [0x00000000d5580000, 0x00000000ea780000, 0x0000000100000000)
  eden space 296960K, 0% used [0x00000000d5580000,0x00000000d5580000,0x00000000e7780000)
  from space 19456K, 70% used [0x00000000e9480000,0x00000000ea1e8c30,0x00000000ea780000)
  to   space 24576K, 0% used [0x00000000e7780000,0x00000000e7780000,0x00000000e8f80000)
 ParOldGen       total 105472K, used 51742K [0x0000000080000000, 0x0000000086700000, 0x00000000d5580000)
  object space 105472K, 49% used [0x0000000080000000,0x0000000083287a30,0x0000000086700000)
 Metaspace       used 78754K, capacity 82266K, committed 82520K, reserved 1120256K
  class space    used 10609K, capacity 11274K, committed 11392K, reserved 1048576K
}

