# JRE version: OpenJDK Runtime Environment (8.0_242-b01) (build 1.8.0_242-release-1644-b01)
# Java VM: OpenJDK 64-Bit Server VM (25.242-b01 mixed mode windows-amd64 compressed oops)
Heap:
 PSYoungGen      total 627200K, used 378765K [0x00000000d5580000, 0x00000000ff780000, 0x0000000100000000)
  eden space 564736K, 63% used [0x00000000d5580000,0x00000000eb5d3978,0x00000000f7d00000)
  from space 62464K, 28% used [0x00000000f7d00000,0x00000000f8e8fd50,0x00000000fba00000)
  to   space 59392K, 0% used [0x00000000fbd80000,0x00000000fbd80000,0x00000000ff780000)
 ParOldGen       total 290304K, used 183914K [0x0000000080000000, 0x0000000091b80000, 0x00000000d5580000)
  object space 290304K, 63% used [0x0000000080000000,0x000000008b39aa80,0x0000000091b80000)
 Metaspace       used 110198K, capacity 115116K, committed 115480K, reserved 1148928K
  class space    used 14136K, capacity 15049K, committed 15152K, reserved 1048576K
GC Heap History (10 events):
Event: 99.609 GC heap before
{Heap before GC invocations=26 (full 5):
 PSYoungGen      total 626176K, used 39419K [0x00000000d5580000, 0x0000000100000000, 0x0000000100000000)
  eden space 586752K, 0% used [0x00000000d5580000,0x00000000d5580000,0x00000000f9280000)
  from space 39424K, 99% used [0x00000000f9280000,0x00000000fb8fef90,0x00000000fb900000)
  to   space 70144K, 0% used [0x00000000fbb80000,0x00000000fbb80000,0x0000000100000000)
 ParOldGen       total 182272K, used 155844K [0x0000000080000000, 0x000000008b200000, 0x00000000d5580000)
  object space 182272K, 85% used [0x0000000080000000,0x0000000089831250,0x000000008b200000)
 Metaspace       used 108184K, capacity 113200K, committed 113304K, reserved 1146880K
  class space    used 14008K, capacity 14933K, committed 15024K, reserved 1048576K
Event: 103.101 GC heap after
Heap after GC invocations=26 (full 5):
 PSYoungGen      total 626176K, used 0K [0x00000000d5580000, 0x0000000100000000, 0x0000000100000000)
  eden space 586752K, 0% used [0x00000000d5580000,0x00000000d5580000,0x00000000f9280000)
  from space 39424K, 0% used [0x00000000f9280000,0x00000000f9280000,0x00000000fb900000)
  to   space 70144K, 0% used [0x00000000fbb80000,0x00000000fbb80000,0x0000000100000000)
 ParOldGen       total 290304K, used 160398K [0x0000000080000000, 0x0000000091b80000, 0x00000000d5580000)
  object space 290304K, 55% used [0x0000000080000000,0x0000000089ca38d8,0x0000000091b80000)
 Metaspace       used 108095K, capacity 112954K, committed 113304K, reserved 1146880K
  class space    used 13977K, capacity 14878K, committed 15024K, reserved 1048576K
}
Event: 115.291 GC heap before
{Heap before GC invocations=27 (full 5):
 PSYoungGen      total 626176K, used 586752K [0x00000000d5580000, 0x0000000100000000, 0x0000000100000000)
  eden space 586752K, 100% used [0x00000000d5580000,0x00000000f9280000,0x00000000f9280000)
  from space 39424K, 0% used [0x00000000f9280000,0x00000000f9280000,0x00000000fb900000)
  to   space 70144K, 0% used [0x00000000fbb80000,0x00000000fbb80000,0x0000000100000000)
 ParOldGen       total 290304K, used 160398K [0x0000000080000000, 0x0000000091b80000, 0x00000000d5580000)
  object space 290304K, 55% used [0x0000000080000000,0x0000000089ca38d8,0x0000000091b80000)
 Metaspace       used 109766K, capacity 114644K, committed 114968K, reserved 1148928K
  class space    used 14119K, capacity 15039K, committed 15152K, reserved 1048576K
Event: 115.946 GC heap after
Heap after GC invocations=27 (full 5):
 PSYoungGen      total 632320K, used 28196K [0x00000000d5580000, 0x0000000100000000, 0x0000000100000000)
  eden space 562176K, 0% used [0x00000000d5580000,0x00000000d5580000,0x00000000f7a80000)
  from space 70144K, 40% used [0x00000000fbb80000,0x00000000fd709300,0x0000000100000000)
  to   space 66560K, 0% used [0x00000000f7a80000,0x00000000f7a80000,0x00000000fbb80000)
 ParOldGen       total 290304K, used 160406K [0x0000000080000000, 0x0000000091b80000, 0x00000000d5580000)
  object space 290304K, 55% used [0x0000000080000000,0x0000000089ca58d8,0x0000000091b80000)
 Metaspace       used 109766K, capacity 114644K, committed 114968K, reserved 1148928K
  class space    used 14119K, capacity 15039K, committed 15152K, reserved 1048576K
}
Event: 121.504 GC heap before
{Heap before GC invocations=28 (full 5):
 PSYoungGen      total 632320K, used 590372K [0x00000000d5580000, 0x0000000100000000, 0x0000000100000000)
  eden space 562176K, 100% used [0x00000000d5580000,0x00000000f7a80000,0x00000000f7a80000)
  from space 70144K, 40% used [0x00000000fbb80000,0x00000000fd709300,0x0000000100000000)
  to   space 66560K, 0% used [0x00000000f7a80000,0x00000000f7a80000,0x00000000fbb80000)
 ParOldGen       total 290304K, used 160406K [0x0000000080000000, 0x0000000091b80000, 0x00000000d5580000)
  object space 290304K, 55% used [0x0000000080000000,0x0000000089ca58d8,0x0000000091b80000)
 Metaspace       used 109946K, capacity 114886K, committed 115224K, reserved 1148928K
  class space    used 14131K, capacity 15046K, committed 15152K, reserved 1048576K
Event: 121.615 GC heap after
Heap after GC invocations=28 (full 5):
 PSYoungGen      total 573952K, used 11645K [0x00000000d5580000, 0x00000000ff980000, 0x0000000100000000)
  eden space 562176K, 0% used [0x00000000d5580000,0x00000000d5580000,0x00000000f7a80000)
  from space 11776K, 98% used [0x00000000f7a80000,0x00000000f85df498,0x00000000f8600000)
  to   space 65024K, 0% used [0x00000000fba00000,0x00000000fba00000,0x00000000ff980000)
 ParOldGen       total 290304K, used 183898K [0x0000000080000000, 0x0000000091b80000, 0x00000000d5580000)
  object space 290304K, 63% used [0x0000000080000000,0x000000008b396a80,0x0000000091b80000)
 Metaspace       used 109946K, capacity 114886K, committed 115224K, reserved 1148928K
  class space    used 14131K, capacity 15046K, committed 15152K, reserved 1048576K
}
Event: 127.568 GC heap before
{Heap before GC invocations=29 (full 5):
 PSYoungGen      total 573952K, used 573821K [0x00000000d5580000, 0x00000000ff980000, 0x0000000100000000)
  eden space 562176K, 100% used [0x00000000d5580000,0x00000000f7a80000,0x00000000f7a80000)
  from space 11776K, 98% used [0x00000000f7a80000,0x00000000f85df498,0x00000000f8600000)
  to   space 65024K, 0% used [0x00000000fba00000,0x00000000fba00000,0x00000000ff980000)
 ParOldGen       total 290304K, used 183898K [0x0000000080000000, 0x0000000091b80000, 0x00000000d5580000)
  object space 290304K, 63% used [0x0000000080000000,0x000000008b396a80,0x0000000091b80000)
 Metaspace       used 110066K, capacity 115034K, committed 115224K, reserved 1148928K
  class space    used 14135K, capacity 15048K, committed 15152K, reserved 1048576K
Event: 127.623 GC heap after
Heap after GC invocations=29 (full 5):
 PSYoungGen      total 629760K, used 17500K [0x00000000d5580000, 0x0000000100000000, 0x0000000100000000)
  eden space 564736K, 0% used [0x00000000d5580000,0x00000000d5580000,0x00000000f7d00000)
  from space 65024K, 26% used [0x00000000fba00000,0x00000000fcb17058,0x00000000ff980000)
  to   space 62464K, 0% used [0x00000000f7d00000,0x00000000f7d00000,0x00000000fba00000)
 ParOldGen       total 290304K, used 183906K [0x0000000080000000, 0x0000000091b80000, 0x00000000d5580000)
  object space 290304K, 63% used [0x0000000080000000,0x000000008b398a80,0x0000000091b80000)
 Metaspace       used 110066K, capacity 115034K, committed 115224K, reserved 1148928K
  class space    used 14135K, capacity 15048K, committed 15152K, reserved 1048576K
}
Event: 132.077 GC heap before
{Heap before GC invocations=30 (full 5):
 PSYoungGen      total 629760K, used 582236K [0x00000000d5580000, 0x0000000100000000, 0x0000000100000000)
  eden space 564736K, 100% used [0x00000000d5580000,0x00000000f7d00000,0x00000000f7d00000)
  from space 65024K, 26% used [0x00000000fba00000,0x00000000fcb17058,0x00000000ff980000)
  to   space 62464K, 0% used [0x00000000f7d00000,0x00000000f7d00000,0x00000000fba00000)
 ParOldGen       total 290304K, used 183906K [0x0000000080000000, 0x0000000091b80000, 0x00000000d5580000)
  object space 290304K, 63% used [0x0000000080000000,0x000000008b398a80,0x0000000091b80000)
 Metaspace       used 110097K, capacity 115040K, committed 115224K, reserved 1148928K
  class space    used 14136K, capacity 15049K, committed 15152K, reserved 1048576K
Event: 132.142 GC heap after
Heap after GC invocations=30 (full 5):
 PSYoungGen      total 627200K, used 17983K [0x00000000d5580000, 0x00000000ff780000, 0x0000000100000000)
  eden space 564736K, 0% used [0x00000000d5580000,0x00000000d5580000,0x00000000f7d00000)
  from space 62464K, 28% used [0x00000000f7d00000,0x00000000f8e8fd50,0x00000000fba00000)
  to   space 59392K, 0% used [0x00000000fbd80000,0x00000000fbd80000,0x00000000ff780000)
 ParOldGen       total 290304K, used 183914K [0x0000000080000000, 0x0000000091b80000, 0x00000000d5580000)
  object space 290304K, 63% used [0x0000000080000000,0x000000008b39aa80,0x0000000091b80000)
 Metaspace       used 110097K, capacity 115040K, committed 115224K, reserved 1148928K
  class space    used 14136K, capacity 15049K, committed 15152K, reserved 1048576K
}

